<?xml version="1.0" encoding="UTF-8"?>
<!-- Generated by org.testng.reporters.JUnitReportReporter -->
<testsuite skipped="1" hostname="DESKTOP-U9MPDTF" name="tests.TestRegistrationPageDDTUsingExcelFile" tests="1" failures="0" timestamp="2021-05-27T13:09:48 EET" time="0.000" errors="0">
  <testcase name="setRegistrationInfoTest" time="0.000" classname="tests.TestRegistrationPageDDTUsingExcelFile">
    <skipped/>
  </testcase> <!-- setRegistrationInfoTest -->
  <system-out/>
</testsuite> <!-- tests.TestRegistrationPageDDTUsingExcelFile -->
